    1  docker start centos7
    2  git remote -v
    3  cd server_lesson
    4  cd root
    5  cd server_lesson
    6  git remote -v
    7  git push origin master
    8  git push origin master
    9  git push origin master
   10  git push origin master
   11  vi README.md
   12  cd linux_lesson2
   13  cd linux_practice2
   14  vi .gitignore
   15  cd ..
   16  git add .
   17  git commit -m '.gitignore name fixed'
   18  git push origin master
   19  cd linux_practice2
   20  vi .gitignore
   21  cd ..
   22  git add .
   23  git commit -m '.gitignore text fixed'
   24  git push origin master
   25  cd linux_practice2
   26  vi .gitignore
   27  cd ..
   28  git add .
   29  git commit -m 'gitignore text fixed'
   30  git push origin master
   31  git rm -- cached gizumo2?.md
   32  git rm --cached gizumo2?.md
   33  cd linux_practice2
   34  vi .gitignore
   35  git rm --cached -r
   36  git add -a
   37  git commit -m 'git.ignore texy fixed'
   38  git push origin master
   39  cd ..
   40  git rm --cached -r
   41  git add -a .
   42  git commit
   43  git rm --cached -r .
   44  git add -a .
   45   git commit
   46  git commit -m 'gitignore text fixed'
   47  git push origin master
   48  git add -a .
   49  git add -A .
   50  git commit -m 'gitignore text fixed'
   51  git push origin master
   52  cd linux_practice2
   53  history 300 > exec_command.log
